<?xml version="1.0" encoding="UTF-8"?>
<testng-results ignored="0" total="3" passed="3" failed="0" skipped="0">
  <reporter-output>
  </reporter-output>
  <suite started-at="2021-05-31T01:37:18 IST" name="Suite" finished-at="2021-05-31T01:37:19 IST" duration-ms="86">
    <groups>
    </groups>
    <test started-at="2021-05-31T01:37:18 IST" name="Test" finished-at="2021-05-31T01:37:19 IST" duration-ms="86">
      <class name="tp_test.demo_test2">
        <test-method signature="add()[pri:0, instance:tp_test.demo_test2@346d61be]" started-at="2021-05-31T01:37:19 IST" name="add" finished-at="2021-05-31T01:37:19 IST" duration-ms="2" status="PASS">
          <reporter-output>
          </reporter-output>
        </test-method> <!-- add -->
      </class> <!-- tp_test.demo_test2 -->
      <class name="tp_test.demo_test1">
        <test-method signature="add()[pri:0, instance:tp_test.demo_test1@3e6ef8ad]" started-at="2021-05-31T01:37:19 IST" name="add" finished-at="2021-05-31T01:37:19 IST" duration-ms="0" status="PASS">
          <reporter-output>
          </reporter-output>
        </test-method> <!-- add -->
      </class> <!-- tp_test.demo_test1 -->
      <class name="tp_test.demo_test">
        <test-method signature="add()[pri:0, instance:tp_test.demo_test@6a6afff2]" started-at="2021-05-31T01:37:19 IST" name="add" finished-at="2021-05-31T01:37:19 IST" duration-ms="10" status="PASS">
          <reporter-output>
          </reporter-output>
        </test-method> <!-- add -->
      </class> <!-- tp_test.demo_test -->
    </test> <!-- Test -->
  </suite> <!-- Suite -->
</testng-results>
