-------------------------------------------------------------------------------
Test set: TestSuite
-------------------------------------------------------------------------------
Tests run: 3, Failures: 1, Errors: 0, Skipped: 0, Time elapsed: 1.276 s <<< FAILURE! - in TestSuite
tp_test.demo_test1.add  Time elapsed: 0.008 s  <<< FAILURE!
java.lang.AssertionError: expected [4] but found [5]
	at tp_test.demo_test1.add(demo_test1.java:15)

