<?xml version="1.0" encoding="UTF-8"?>
<testsuite xmlns:xsi="http://www.w3.org/2001/XMLSchema-instance" xsi:noNamespaceSchemaLocation="https://maven.apache.org/surefire/maven-surefire-plugin/xsd/surefire-test-report-3.0.xsd" version="3.0" name="TestSuite" time="1.31" tests="3" errors="0" skipped="0" failures="0">
  <properties>
[...]
</properties>
  <testcase name="add" classname="tp_test.demo_test" time="0.011">
    <system-out><![CDATA[sum
4
]]></system-out>
  </testcase>
  <testcase name="add" classname="tp_test.demo_test1" time="0.001">
    <system-out><![CDATA[sum
4
]]></system-out>
  </testcase>
  <testcase name="add" classname="tp_test.demo_test2" time="0.001">
    <system-out><![CDATA[sum
4
]]></system-out>
  </testcase>
</testsuite>