<?xml version="1.0" encoding="UTF-8"?>
<testng-results ignored="0" total="1" passed="1" failed="0" skipped="0">
  <reporter-output>
  </reporter-output>
  <suite started-at="2021-06-05T00:53:14 IST" name="Default suite" finished-at="2021-06-05T00:53:14 IST" duration-ms="104">
    <groups>
    </groups>
    <test started-at="2021-06-05T00:53:14 IST" name="Default test" finished-at="2021-06-05T00:53:14 IST" duration-ms="104">
      <class name="tp_test.demo_test">
        <test-method signature="add()[pri:0, instance:tp_test.demo_test@446293d]" started-at="2021-06-05T00:53:14 IST" name="add" finished-at="2021-06-05T00:53:14 IST" duration-ms="27" status="PASS">
          <reporter-output>
          </reporter-output>
        </test-method> <!-- add -->
      </class> <!-- tp_test.demo_test -->
    </test> <!-- Default test -->
  </suite> <!-- Default suite -->
</testng-results>
